2022-11-05 14:16:59 INFO  First_Page:480 - ITEM ADDED SUCCESFULLY
2022-11-05 14:17:04 INFO  First_Page:480 - ITEM ADDED SUCCESFULLY
2022-11-05 14:17:06 INFO  First_Page:533 - CASH PAYMENT METHOD SELECTED
2022-11-05 14:17:10 INFO  First_Page:695 - TOTAL AMOUNT : 865 LKR
2022-11-05 14:17:10 INFO  First_Page:696 - PAID         : 2999 LKR
2022-11-05 14:17:10 INFO  First_Page:697 - BALANCE      : 2134 LKR
2022-11-05 14:17:11 INFO  First_Page:556 - PRINTING BILL>>>
2022-11-05 14:22:11 INFO  First_Page:480 - ITEM ADDED SUCCESFULLY
2022-11-05 14:22:27 INFO  First_Page:533 - CASH PAYMENT METHOD SELECTED
2022-11-05 14:22:35 INFO  First_Page:725 - CLEAR ALL FIELD
2022-11-05 14:22:35 INFO  First_Page:726 - ---------------
2022-11-05 21:04:05 INFO  First_Page:490 - ITEM ADDED SUCCESFULLY
2022-11-05 21:04:06 INFO  First_Page:543 - CASH PAYMENT METHOD SELECTED
2022-11-05 21:04:09 INFO  First_Page:860 - TOTAL AMOUNT : 98 LKR
2022-11-05 21:04:09 INFO  First_Page:861 - PAID         : 122 LKR
2022-11-05 21:04:09 INFO  First_Page:862 - BALANCE      : 24 LKR
2022-11-05 21:04:16 INFO  First_Page:566 - PRINTING BILL>>>
2022-11-05 21:04:18 INFO  First_Page:740 - CLEAR ALL FIELD
2022-11-05 21:04:18 INFO  First_Page:741 - ---------------
2022-11-05 21:04:23 INFO  First_Page:490 - ITEM ADDED SUCCESFULLY
2022-11-05 21:04:23 INFO  First_Page:543 - CASH PAYMENT METHOD SELECTED
2022-11-05 21:04:25 INFO  First_Page:860 - TOTAL AMOUNT : 500 LKR
2022-11-05 21:04:25 INFO  First_Page:861 - PAID         : 23 LKR
2022-11-05 21:04:25 INFO  First_Page:862 - BALANCE      : -477 LKR
2022-11-05 21:04:25 WARN  First_Page:866 - INSUFFISANT MONEY
2022-11-05 21:04:27 INFO  First_Page:728 - PAY AGAIN WITH OTHER METHOD
2022-11-05 21:04:37 INFO  First_Page:740 - CLEAR ALL FIELD
2022-11-05 21:04:37 INFO  First_Page:741 - ---------------
2022-11-06 20:45:23 INFO  First_Page:495 - ITEM ADDED SUCCESFULLY
2022-11-06 20:45:25 INFO  First_Page:547 - CASH PAYMENT METHOD SELECTED
2022-11-06 20:45:27 INFO  First_Page:865 - TOTAL AMOUNT : 495 LKR
2022-11-06 20:45:27 INFO  First_Page:866 - PAID         : 123 LKR
2022-11-06 20:45:27 INFO  First_Page:867 - BALANCE      : -372 LKR
2022-11-06 20:45:27 WARN  First_Page:871 - INSUFFISANT MONEY
2022-11-06 20:45:29 INFO  First_Page:732 - PAY AGAIN WITH OTHER METHOD
2022-11-06 20:45:30 INFO  First_Page:895 - 2nd PAY AMOUNT: 1223 LKR
2022-11-06 20:45:30 INFO  First_Page:908 - NEW BALANCE   : 851 LKR
2022-11-06 20:45:32 INFO  First_Page:570 - PRINTING BILL>>>
2022-11-06 20:45:41 INFO  First_Page:744 - CLEAR ALL FIELD
2022-11-06 20:45:41 INFO  First_Page:745 - ---------------
2022-11-06 20:46:38 INFO  First_Page:495 - ITEM ADDED SUCCESFULLY
2022-11-06 20:46:40 INFO  First_Page:547 - CASH PAYMENT METHOD SELECTED
2022-11-06 20:46:43 INFO  First_Page:865 - TOTAL AMOUNT : 1320 LKR
2022-11-06 20:46:43 INFO  First_Page:866 - PAID         : 1400 LKR
2022-11-06 20:46:43 INFO  First_Page:867 - BALANCE      : 80 LKR
2022-11-06 20:46:45 INFO  First_Page:570 - PRINTING BILL>>>
2022-11-06 20:46:56 INFO  First_Page:744 - CLEAR ALL FIELD
2022-11-06 20:46:56 INFO  First_Page:745 - ---------------
2022-11-06 20:48:00 INFO  First_Page:495 - ITEM ADDED SUCCESFULLY
2022-11-06 20:48:10 INFO  First_Page:495 - ITEM ADDED SUCCESFULLY
2022-11-06 20:48:11 INFO  First_Page:684 - ITEM DELETED SUCCESFULLY
2022-11-06 20:48:13 INFO  First_Page:547 - CASH PAYMENT METHOD SELECTED
2022-11-06 20:48:18 FATAL First_Page:880 - java.lang.NumberFormatException: For input string: "w"
2022-11-06 20:48:20 INFO  First_Page:865 - TOTAL AMOUNT : 570 LKR
2022-11-06 20:48:20 INFO  First_Page:866 - PAID         : 123 LKR
2022-11-06 20:48:20 INFO  First_Page:867 - BALANCE      : -447 LKR
2022-11-06 20:48:20 WARN  First_Page:871 - INSUFFISANT MONEY
2022-11-06 20:48:22 INFO  First_Page:732 - PAY AGAIN WITH OTHER METHOD
2022-11-06 20:48:24 INFO  First_Page:895 - 2nd PAY AMOUNT: 123 LKR
2022-11-06 20:48:24 ERROR First_Page:903 - NEW BALANCE   : -324 LKR
2022-11-06 20:48:24 FATAL First_Page:904 - INSUFFIECENT MONEY   : -324 LKR
2022-11-06 20:48:27 INFO  First_Page:895 - 2nd PAY AMOUNT: 1233 LKR
2022-11-06 20:48:27 INFO  First_Page:908 - NEW BALANCE   : 786 LKR
2022-11-06 20:48:28 INFO  First_Page:570 - PRINTING BILL>>>
2022-11-07 19:48:54 INFO  First_Page:665 - com.mysql.cj.jdbc.exceptions.CommunicationsException: Communications link failure

The last packet sent successfully to the server was 0 milliseconds ago. The driver has not received any packets from the server.
2022-11-07 19:48:58 INFO  First_Page:665 - com.mysql.cj.jdbc.exceptions.CommunicationsException: Communications link failure

The last packet sent successfully to the server was 0 milliseconds ago. The driver has not received any packets from the server.
2022-11-07 19:49:10 INFO  First_Page:495 - ITEM ADDED SUCCESFULLY
2022-11-07 19:49:31 INFO  First_Page:495 - ITEM ADDED SUCCESFULLY
2022-11-07 19:49:48 INFO  First_Page:495 - ITEM ADDED SUCCESFULLY
2022-11-07 19:49:53 INFO  First_Page:495 - ITEM ADDED SUCCESFULLY
2022-11-07 19:49:56 INFO  First_Page:495 - ITEM ADDED SUCCESFULLY
2022-11-07 19:50:00 INFO  First_Page:495 - ITEM ADDED SUCCESFULLY
2022-11-07 19:50:03 INFO  First_Page:495 - ITEM ADDED SUCCESFULLY
2022-11-07 19:50:06 INFO  First_Page:495 - ITEM ADDED SUCCESFULLY
2022-11-07 19:50:10 INFO  First_Page:495 - ITEM ADDED SUCCESFULLY
2022-11-07 19:50:13 INFO  First_Page:495 - ITEM ADDED SUCCESFULLY
2022-11-07 19:50:40 INFO  First_Page:684 - ITEM DELETED SUCCESFULLY
2022-11-07 19:51:33 INFO  First_Page:495 - ITEM ADDED SUCCESFULLY
2022-11-07 19:51:34 INFO  First_Page:684 - ITEM DELETED SUCCESFULLY
2022-11-07 19:51:43 INFO  First_Page:547 - CASH PAYMENT METHOD SELECTED
2022-11-07 19:51:53 INFO  First_Page:865 - TOTAL AMOUNT : 1668 LKR
2022-11-07 19:51:53 INFO  First_Page:866 - PAID         : 2000 LKR
2022-11-07 19:51:53 INFO  First_Page:867 - BALANCE      : 332 LKR
2022-11-07 19:52:03 INFO  First_Page:570 - PRINTING BILL>>>
2022-11-07 19:52:59 INFO  First_Page:744 - CLEAR ALL FIELD
2022-11-07 19:52:59 INFO  First_Page:745 - ---------------
2022-11-07 19:53:04 INFO  First_Page:744 - CLEAR ALL FIELD
2022-11-07 19:53:04 INFO  First_Page:745 - ---------------
2022-11-07 19:53:17 INFO  First_Page:495 - ITEM ADDED SUCCESFULLY
2022-11-07 19:53:21 INFO  First_Page:530 - CREDIT CARD PAYMENT METHOD SELECTED
2022-11-07 19:53:26 INFO  First_Page:865 - TOTAL AMOUNT : 220 LKR
2022-11-07 19:53:26 INFO  First_Page:866 - PAID         : 200 LKR
2022-11-07 19:53:26 INFO  First_Page:867 - BALANCE      : -20 LKR
2022-11-07 19:53:26 WARN  First_Page:871 - INSUFFISANT MONEY
2022-11-07 19:53:33 INFO  First_Page:732 - PAY AGAIN WITH OTHER METHOD
2022-11-07 19:53:39 INFO  First_Page:895 - 2nd PAY AMOUNT: 30 LKR
2022-11-07 19:53:39 INFO  First_Page:908 - NEW BALANCE   : 10 LKR
2022-11-07 19:53:43 INFO  First_Page:570 - PRINTING BILL>>>
2022-11-07 19:53:53 INFO  First_Page:744 - CLEAR ALL FIELD
2022-11-07 19:53:53 INFO  First_Page:745 - ---------------
2022-11-07 19:54:07 INFO  First_Page:495 - ITEM ADDED SUCCESFULLY
2022-11-07 19:54:08 INFO  First_Page:547 - CASH PAYMENT METHOD SELECTED
2022-11-07 19:55:59 INFO  First_Page:495 - ITEM ADDED SUCCESFULLY
2022-11-07 20:17:19 INFO  First_Page:494 - ITEM ADDED SUCCESFULLY
2022-11-07 20:17:24 INFO  First_Page:494 - ITEM ADDED SUCCESFULLY
2022-11-07 20:17:30 INFO  First_Page:494 - ITEM ADDED SUCCESFULLY
2022-11-07 20:17:36 INFO  First_Page:494 - ITEM ADDED SUCCESFULLY
2022-11-07 20:17:38 INFO  First_Page:546 - CASH PAYMENT METHOD SELECTED
2022-11-07 20:17:44 INFO  First_Page:709 - TOTAL AMOUNT : 1804 LKR
2022-11-07 20:17:44 INFO  First_Page:710 - PAID         : 200 LKR
2022-11-07 20:17:44 INFO  First_Page:711 - BALANCE      : -1604 LKR
2022-11-07 20:17:44 WARN  First_Page:715 - INSUFFISANT MONEY
2022-11-07 20:17:48 INFO  First_Page:709 - TOTAL AMOUNT : 1804 LKR
2022-11-07 20:17:48 INFO  First_Page:710 - PAID         : 2000 LKR
2022-11-07 20:17:48 INFO  First_Page:711 - BALANCE      : 196 LKR
2022-11-07 20:17:50 INFO  First_Page:731 - PAY AGAIN WITH OTHER METHOD
2022-11-07 20:17:52 INFO  First_Page:569 - PRINTING BILL>>>
2022-11-07 20:18:15 INFO  First_Page:683 - ITEM DELETED SUCCESFULLY
2022-11-07 20:18:16 INFO  First_Page:569 - PRINTING BILL>>>
2022-11-07 20:18:18 INFO  First_Page:709 - TOTAL AMOUNT : 1709 LKR
2022-11-07 20:18:18 INFO  First_Page:710 - PAID         : 2000 LKR
2022-11-07 20:18:18 INFO  First_Page:711 - BALANCE      : 291 LKR
2022-11-07 20:18:19 INFO  First_Page:569 - PRINTING BILL>>>
2022-11-07 20:18:22 INFO  First_Page:743 - CLEAR ALL FIELD
2022-11-07 20:18:22 INFO  First_Page:744 - ---------------
2022-11-07 20:18:32 INFO  First_Page:494 - ITEM ADDED SUCCESFULLY
2022-11-07 20:18:33 INFO  First_Page:546 - CASH PAYMENT METHOD SELECTED
2022-11-07 20:18:43 FATAL First_Page:879 - java.lang.NumberFormatException: For input string: "e"
2022-11-07 20:18:52 INFO  First_Page:709 - TOTAL AMOUNT : 95 LKR
2022-11-07 20:18:52 INFO  First_Page:710 - PAID         : 21 LKR
2022-11-07 20:18:52 INFO  First_Page:711 - BALANCE      : -74 LKR
2022-11-07 20:18:52 WARN  First_Page:715 - INSUFFISANT MONEY
2022-11-07 20:18:53 INFO  First_Page:731 - PAY AGAIN WITH OTHER METHOD
2022-11-07 20:18:54 INFO  First_Page:785 - 2nd PAY AMOUNT: 122 LKR
2022-11-07 20:18:54 INFO  First_Page:798 - NEW BALANCE   : 48 LKR
2022-11-07 20:18:55 INFO  First_Page:569 - PRINTING BILL>>>
2022-11-07 20:18:57 INFO  First_Page:743 - CLEAR ALL FIELD
2022-11-07 20:18:57 INFO  First_Page:744 - ---------------
2022-11-07 20:34:05 INFO  First_Page:494 - ITEM ADDED SUCCESFULLY
2022-11-07 20:34:07 INFO  First_Page:546 - CASH PAYMENT METHOD SELECTED
2022-11-07 20:34:11 INFO  First_Page:529 - CREDIT CARD PAYMENT METHOD SELECTED
2022-11-07 20:34:16 INFO  First_Page:546 - CASH PAYMENT METHOD SELECTED
2022-11-07 20:34:17 INFO  First_Page:529 - CREDIT CARD PAYMENT METHOD SELECTED
2022-11-07 20:34:18 INFO  First_Page:546 - CASH PAYMENT METHOD SELECTED
2022-11-07 20:34:19 INFO  First_Page:529 - CREDIT CARD PAYMENT METHOD SELECTED
2022-11-07 20:34:19 INFO  First_Page:546 - CASH PAYMENT METHOD SELECTED
2022-11-07 20:34:21 INFO  First_Page:529 - CREDIT CARD PAYMENT METHOD SELECTED
2022-11-07 20:34:21 INFO  First_Page:546 - CASH PAYMENT METHOD SELECTED
2022-11-07 20:34:22 INFO  First_Page:546 - CASH PAYMENT METHOD SELECTED
2022-11-07 20:34:28 INFO  First_Page:709 - TOTAL AMOUNT : 196 LKR
2022-11-07 20:34:28 INFO  First_Page:710 - PAID         : 200 LKR
2022-11-07 20:34:28 INFO  First_Page:711 - BALANCE      : 4 LKR
2022-11-07 20:34:28 INFO  First_Page:709 - TOTAL AMOUNT : 196 LKR
2022-11-07 20:34:28 INFO  First_Page:710 - PAID         : 200 LKR
2022-11-07 20:34:28 INFO  First_Page:711 - BALANCE      : 4 LKR
2022-11-07 20:34:59 INFO  First_Page:743 - CLEAR ALL FIELD
2022-11-07 20:34:59 INFO  First_Page:744 - ---------------
2022-11-07 20:35:04 INFO  First_Page:494 - ITEM ADDED SUCCESFULLY
2022-11-07 20:35:18 INFO  First_Page:546 - CASH PAYMENT METHOD SELECTED
2022-11-07 20:35:26 INFO  First_Page:709 - TOTAL AMOUNT : 500 LKR
2022-11-07 20:35:26 INFO  First_Page:710 - PAID         : 500 LKR
2022-11-07 20:35:26 INFO  First_Page:711 - BALANCE      : 0 LKR
2022-11-07 20:35:28 INFO  First_Page:569 - PRINTING BILL>>>
2022-11-07 20:36:02 INFO  First_Page:743 - CLEAR ALL FIELD
2022-11-07 20:36:02 INFO  First_Page:744 - ---------------
2022-11-07 20:36:07 INFO  First_Page:494 - ITEM ADDED SUCCESFULLY
2022-11-07 20:36:16 INFO  First_Page:546 - CASH PAYMENT METHOD SELECTED
2022-11-07 20:36:42 INFO  First_Page:546 - CASH PAYMENT METHOD SELECTED
2022-11-07 20:36:52 INFO  First_Page:709 - TOTAL AMOUNT : 98 LKR
2022-11-07 20:36:52 INFO  First_Page:710 - PAID         : 50 LKR
2022-11-07 20:36:52 INFO  First_Page:711 - BALANCE      : -48 LKR
2022-11-07 20:36:52 WARN  First_Page:715 - INSUFFISANT MONEY
2022-11-07 20:37:08 INFO  First_Page:731 - PAY AGAIN WITH OTHER METHOD
2022-11-07 20:37:22 INFO  First_Page:785 - 2nd PAY AMOUNT: 48 LKR
2022-11-07 20:37:22 INFO  First_Page:798 - NEW BALANCE   : 0 LKR
2022-11-07 20:37:25 INFO  First_Page:569 - PRINTING BILL>>>
2022-11-07 20:37:30 INFO  First_Page:743 - CLEAR ALL FIELD
2022-11-07 20:37:30 INFO  First_Page:744 - ---------------
2022-11-07 20:37:35 INFO  First_Page:494 - ITEM ADDED SUCCESFULLY
2022-11-07 20:37:37 INFO  First_Page:529 - CREDIT CARD PAYMENT METHOD SELECTED
2022-11-07 20:37:42 INFO  First_Page:709 - TOTAL AMOUNT : 375 LKR
2022-11-07 20:37:42 INFO  First_Page:710 - PAID         : 300 LKR
2022-11-07 20:37:42 INFO  First_Page:711 - BALANCE      : -75 LKR
2022-11-07 20:37:42 WARN  First_Page:715 - INSUFFISANT MONEY
2022-11-07 20:37:48 INFO  First_Page:731 - PAY AGAIN WITH OTHER METHOD
2022-11-07 20:37:54 INFO  First_Page:785 - 2nd PAY AMOUNT: 70 LKR
2022-11-07 20:37:54 ERROR First_Page:793 - NEW BALANCE   : -5 LKR
2022-11-07 20:37:54 FATAL First_Page:794 - INSUFFIECENT MONEY   : -5 LKR
2022-11-07 20:38:55 INFO  First_Page:785 - 2nd PAY AMOUNT: 75 LKR
2022-11-07 20:38:55 INFO  First_Page:798 - NEW BALANCE   : 0 LKR
2022-11-07 20:38:59 INFO  First_Page:569 - PRINTING BILL>>>
2022-11-07 20:39:13 INFO  First_Page:743 - CLEAR ALL FIELD
2022-11-07 20:39:13 INFO  First_Page:744 - ---------------
2022-11-07 20:39:17 INFO  First_Page:494 - ITEM ADDED SUCCESFULLY
2022-11-07 20:39:21 INFO  First_Page:494 - ITEM ADDED SUCCESFULLY
2022-11-07 20:39:24 INFO  First_Page:494 - ITEM ADDED SUCCESFULLY
2022-11-07 20:39:32 INFO  First_Page:683 - ITEM DELETED SUCCESFULLY
2022-11-07 20:42:17 INFO  First_Page:683 - ITEM DELETED SUCCESFULLY
2022-11-07 20:42:26 INFO  First_Page:529 - CREDIT CARD PAYMENT METHOD SELECTED
2022-11-07 20:42:33 FATAL First_Page:724 - java.lang.NumberFormatException: For input string: ""
2022-11-07 20:42:39 INFO  First_Page:743 - CLEAR ALL FIELD
2022-11-07 20:42:39 INFO  First_Page:744 - ---------------
2022-11-07 20:45:42 INFO  First_Page:494 - ITEM ADDED SUCCESFULLY
2022-11-07 20:47:45 INFO  First_Page:546 - CASH PAYMENT METHOD SELECTED
2022-11-07 20:48:28 INFO  First_Page:743 - CLEAR ALL FIELD
2022-11-07 20:48:28 INFO  First_Page:744 - ---------------
2022-11-07 20:48:49 INFO  First_Page:743 - CLEAR ALL FIELD
2022-11-07 20:48:49 INFO  First_Page:744 - ---------------
2022-11-08 11:19:01 INFO  First_Page:494 - ITEM ADDED SUCCESFULLY
2022-11-08 11:19:12 INFO  First_Page:494 - ITEM ADDED SUCCESFULLY
2022-11-08 11:19:21 INFO  First_Page:494 - ITEM ADDED SUCCESFULLY
2022-11-08 11:20:04 INFO  First_Page:683 - ITEM DELETED SUCCESFULLY
2022-11-08 11:20:15 INFO  First_Page:683 - ITEM DELETED SUCCESFULLY
2022-11-08 11:20:48 INFO  First_Page:546 - CASH PAYMENT METHOD SELECTED
2022-11-08 11:20:57 INFO  First_Page:864 - TOTAL AMOUNT : 380 LKR
2022-11-08 11:20:57 INFO  First_Page:865 - PAID         : 400 LKR
2022-11-08 11:20:57 INFO  First_Page:866 - BALANCE      : 20 LKR
2022-11-08 11:21:19 INFO  First_Page:569 - PRINTING BILL>>>
2022-11-08 11:21:41 INFO  First_Page:743 - CLEAR ALL FIELD
2022-11-08 11:21:41 INFO  First_Page:744 - ---------------
2022-11-08 11:21:53 INFO  First_Page:494 - ITEM ADDED SUCCESFULLY
2022-11-08 11:21:57 INFO  First_Page:529 - CREDIT CARD PAYMENT METHOD SELECTED
2022-11-08 11:22:01 INFO  First_Page:864 - TOTAL AMOUNT : 294 LKR
2022-11-08 11:22:01 INFO  First_Page:865 - PAID         : 300 LKR
2022-11-08 11:22:01 INFO  First_Page:866 - BALANCE      : 6 LKR
2022-11-08 11:22:04 INFO  First_Page:569 - PRINTING BILL>>>
2022-11-08 11:22:15 INFO  First_Page:743 - CLEAR ALL FIELD
2022-11-08 11:22:15 INFO  First_Page:744 - ---------------
2022-11-08 11:22:22 INFO  First_Page:494 - ITEM ADDED SUCCESFULLY
2022-11-08 11:22:37 INFO  First_Page:546 - CASH PAYMENT METHOD SELECTED
2022-11-08 11:22:41 INFO  First_Page:864 - TOTAL AMOUNT : 1100 LKR
2022-11-08 11:22:41 INFO  First_Page:865 - PAID         : 1000 LKR
2022-11-08 11:22:41 INFO  First_Page:866 - BALANCE      : -100 LKR
2022-11-08 11:22:41 WARN  First_Page:870 - INSUFFISANT MONEY
2022-11-08 11:22:49 INFO  First_Page:731 - PAY AGAIN WITH OTHER METHOD
2022-11-08 11:22:55 INFO  First_Page:894 - 2nd PAY AMOUNT: 100 LKR
2022-11-08 11:22:55 INFO  First_Page:907 - NEW BALANCE   : 0 LKR
2022-11-08 11:23:02 INFO  First_Page:569 - PRINTING BILL>>>
2022-11-08 11:23:06 INFO  First_Page:743 - CLEAR ALL FIELD
2022-11-08 11:23:06 INFO  First_Page:744 - ---------------
2022-11-08 11:23:12 INFO  First_Page:494 - ITEM ADDED SUCCESFULLY
2022-11-08 11:23:17 INFO  First_Page:529 - CREDIT CARD PAYMENT METHOD SELECTED
2022-11-08 11:23:23 INFO  First_Page:864 - TOTAL AMOUNT : 880 LKR
2022-11-08 11:23:23 INFO  First_Page:865 - PAID         : 800 LKR
2022-11-08 11:23:23 INFO  First_Page:866 - BALANCE      : -80 LKR
2022-11-08 11:23:23 WARN  First_Page:870 - INSUFFISANT MONEY
2022-11-08 11:23:25 INFO  First_Page:731 - PAY AGAIN WITH OTHER METHOD
2022-11-08 11:23:29 INFO  First_Page:894 - 2nd PAY AMOUNT: 100 LKR
2022-11-08 11:23:29 INFO  First_Page:907 - NEW BALANCE   : 20 LKR
2022-11-08 11:23:32 INFO  First_Page:569 - PRINTING BILL>>>
2022-11-08 11:23:37 INFO  First_Page:743 - CLEAR ALL FIELD
2022-11-08 11:23:37 INFO  First_Page:744 - ---------------
2022-11-08 11:23:44 INFO  First_Page:494 - ITEM ADDED SUCCESFULLY
2022-11-08 11:23:46 INFO  First_Page:546 - CASH PAYMENT METHOD SELECTED
2022-11-08 11:23:50 INFO  First_Page:864 - TOTAL AMOUNT : 225 LKR
2022-11-08 11:23:50 INFO  First_Page:865 - PAID         : 100 LKR
2022-11-08 11:23:50 INFO  First_Page:866 - BALANCE      : -125 LKR
2022-11-08 11:23:50 WARN  First_Page:870 - INSUFFISANT MONEY
2022-11-08 11:23:51 INFO  First_Page:731 - PAY AGAIN WITH OTHER METHOD
2022-11-08 11:23:55 INFO  First_Page:894 - 2nd PAY AMOUNT: 100 LKR
2022-11-08 11:23:55 ERROR First_Page:902 - NEW BALANCE   : -25 LKR
2022-11-08 11:23:55 FATAL First_Page:903 - INSUFFIECENT MONEY   : -25 LKR
2022-11-08 11:24:24 INFO  First_Page:709 - TOTAL AMOUNT : 225 LKR
2022-11-08 11:24:24 INFO  First_Page:710 - PAID         : 200 LKR
2022-11-08 11:24:24 INFO  First_Page:711 - BALANCE      : -25 LKR
2022-11-08 11:24:24 WARN  First_Page:715 - INSUFFISANT MONEY
2022-11-08 11:24:25 INFO  First_Page:785 - 2nd PAY AMOUNT: 100 LKR
2022-11-08 11:24:25 INFO  First_Page:798 - NEW BALANCE   : 75 LKR
2022-11-08 11:24:31 INFO  First_Page:569 - PRINTING BILL>>>
2022-11-08 11:24:33 INFO  First_Page:743 - CLEAR ALL FIELD
2022-11-08 11:24:33 INFO  First_Page:744 - ---------------
2022-11-08 11:25:23 INFO  First_Page:743 - CLEAR ALL FIELD
2022-11-08 11:25:23 INFO  First_Page:744 - ---------------
2022-11-08 11:27:14 INFO  First_Page:743 - CLEAR ALL FIELD
2022-11-08 11:27:14 INFO  First_Page:744 - ---------------
2022-11-08 11:27:23 INFO  First_Page:494 - ITEM ADDED SUCCESFULLY
2022-11-08 11:27:25 INFO  First_Page:529 - CREDIT CARD PAYMENT METHOD SELECTED
2022-11-08 11:27:30 INFO  First_Page:864 - TOTAL AMOUNT : 800 LKR
2022-11-08 11:27:30 INFO  First_Page:865 - PAID         : 1000 LKR
2022-11-08 11:27:30 INFO  First_Page:866 - BALANCE      : 200 LKR
2022-11-08 11:27:32 INFO  First_Page:569 - PRINTING BILL>>>
2022-11-08 11:27:47 INFO  First_Page:743 - CLEAR ALL FIELD
2022-11-08 11:27:47 INFO  First_Page:744 - ---------------
2022-11-08 12:20:24 INFO  First_Page:494 - ITEM ADDED SUCCESFULLY
2022-11-08 12:21:05 INFO  First_Page:494 - ITEM ADDED SUCCESFULLY
2022-11-08 12:21:16 INFO  First_Page:683 - ITEM DELETED SUCCESFULLY
2022-11-08 12:22:34 INFO  First_Page:494 - ITEM ADDED SUCCESFULLY
2022-11-08 12:22:48 INFO  First_Page:743 - CLEAR ALL FIELD
2022-11-08 12:22:48 INFO  First_Page:744 - ---------------
2022-11-08 14:04:03 INFO  First_Page:494 - ITEM ADDED SUCCESFULLY
2022-11-08 14:04:04 INFO  First_Page:546 - CASH PAYMENT METHOD SELECTED
2022-11-08 14:04:06 INFO  First_Page:864 - TOTAL AMOUNT : 196 LKR
2022-11-08 14:04:06 INFO  First_Page:865 - PAID         : 2123 LKR
2022-11-08 14:04:06 INFO  First_Page:866 - BALANCE      : 1927 LKR
2022-11-08 14:04:07 INFO  First_Page:709 - TOTAL AMOUNT : 196 LKR
2022-11-08 14:04:07 INFO  First_Page:710 - PAID         : 2123 LKR
2022-11-08 14:04:07 INFO  First_Page:711 - BALANCE      : 1927 LKR
2022-11-08 14:04:09 INFO  First_Page:569 - PRINTING BILL>>>
2022-11-08 14:34:39 INFO  First_Page:494 - ITEM ADDED SUCCESFULLY
2022-11-08 14:34:46 INFO  First_Page:494 - ITEM ADDED SUCCESFULLY
2022-11-08 14:34:47 INFO  First_Page:546 - CASH PAYMENT METHOD SELECTED
2022-11-08 14:34:51 FATAL First_Page:878 - java.lang.NumberFormatException: For input string: "sq"
2022-11-08 14:34:54 FATAL First_Page:878 - java.lang.NumberFormatException: For input string: "sq2w"
2022-11-08 14:34:56 INFO  First_Page:863 - TOTAL AMOUNT : 1796 LKR
2022-11-08 14:34:56 INFO  First_Page:864 - PAID         : 12 LKR
2022-11-08 14:34:56 INFO  First_Page:865 - BALANCE      : -1784 LKR
2022-11-08 14:34:56 WARN  First_Page:869 - INSUFFISANT MONEY
2022-11-08 14:34:58 INFO  First_Page:730 - PAY AGAIN WITH OTHER METHOD
2022-11-08 14:35:03 INFO  First_Page:893 - 2nd PAY AMOUNT: 1784 LKR
2022-11-08 14:35:03 INFO  First_Page:906 - NEW BALANCE   : 0 LKR
2022-11-08 14:35:05 INFO  First_Page:569 - PRINTING BILL>>>
2022-11-08 14:38:29 INFO  First_Page:494 - ITEM ADDED SUCCESFULLY
2022-11-08 14:38:33 INFO  First_Page:494 - ITEM ADDED SUCCESFULLY
2022-11-08 14:38:37 INFO  First_Page:494 - ITEM ADDED SUCCESFULLY
2022-11-08 14:38:40 INFO  First_Page:546 - CASH PAYMENT METHOD SELECTED
2022-11-08 14:38:49 INFO  First_Page:708 - TOTAL AMOUNT : 2441 LKR
2022-11-08 14:38:49 INFO  First_Page:709 - PAID         : 2600 LKR
2022-11-08 14:38:49 INFO  First_Page:710 - BALANCE      : 159 LKR
2022-11-08 14:38:52 INFO  First_Page:730 - PAY AGAIN WITH OTHER METHOD
2022-11-08 14:38:54 INFO  First_Page:784 - 2nd PAY AMOUNT: 1784 LKR
2022-11-08 14:38:54 INFO  First_Page:797 - NEW BALANCE   : 1943 LKR
2022-11-08 14:39:03 INFO  First_Page:784 - 2nd PAY AMOUNT: 0 LKR
2022-11-08 14:39:03 INFO  First_Page:797 - NEW BALANCE   : 159 LKR
2022-11-08 14:39:05 INFO  First_Page:569 - PRINTING BILL>>>
2022-11-08 14:39:13 INFO  First_Page:742 - CLEAR ALL FIELD
2022-11-08 14:39:13 INFO  First_Page:743 - ---------------
2022-11-08 14:39:19 INFO  First_Page:494 - ITEM ADDED SUCCESFULLY
2022-11-08 14:39:22 INFO  First_Page:494 - ITEM ADDED SUCCESFULLY
2022-11-08 14:39:25 INFO  First_Page:494 - ITEM ADDED SUCCESFULLY
2022-11-08 14:39:27 INFO  First_Page:494 - ITEM ADDED SUCCESFULLY
2022-11-08 14:39:30 INFO  First_Page:494 - ITEM ADDED SUCCESFULLY
2022-11-08 14:39:33 INFO  First_Page:494 - ITEM ADDED SUCCESFULLY
2022-11-08 14:39:37 INFO  First_Page:494 - ITEM ADDED SUCCESFULLY
2022-11-08 14:39:40 INFO  First_Page:494 - ITEM ADDED SUCCESFULLY
2022-11-08 14:39:43 INFO  First_Page:494 - ITEM ADDED SUCCESFULLY
2022-11-08 14:39:47 INFO  First_Page:494 - ITEM ADDED SUCCESFULLY
2022-11-08 14:39:54 INFO  First_Page:546 - CASH PAYMENT METHOD SELECTED
2022-11-08 14:40:01 INFO  First_Page:708 - TOTAL AMOUNT : 2068 LKR
2022-11-08 14:40:01 INFO  First_Page:709 - PAID         : 2000 LKR
2022-11-08 14:40:01 INFO  First_Page:710 - BALANCE      : -68 LKR
2022-11-08 14:40:01 WARN  First_Page:714 - INSUFFISANT MONEY
2022-11-08 14:40:02 INFO  First_Page:730 - PAY AGAIN WITH OTHER METHOD
2022-11-08 14:40:05 INFO  First_Page:784 - 2nd PAY AMOUNT: 100 LKR
2022-11-08 14:40:05 INFO  First_Page:797 - NEW BALANCE   : 32 LKR
2022-11-08 14:40:06 INFO  First_Page:569 - PRINTING BILL>>>
2022-11-08 14:41:04 INFO  First_Page:742 - CLEAR ALL FIELD
2022-11-08 14:41:04 INFO  First_Page:743 - ---------------
2022-11-08 14:42:16 INFO  First_Page:494 - ITEM ADDED SUCCESFULLY
2022-11-08 14:42:19 INFO  First_Page:494 - ITEM ADDED SUCCESFULLY
2022-11-08 14:42:23 INFO  First_Page:494 - ITEM ADDED SUCCESFULLY
2022-11-08 14:42:26 INFO  First_Page:494 - ITEM ADDED SUCCESFULLY
2022-11-08 14:42:29 INFO  First_Page:494 - ITEM ADDED SUCCESFULLY
2022-11-08 14:42:32 INFO  First_Page:494 - ITEM ADDED SUCCESFULLY
2022-11-08 14:42:35 INFO  First_Page:494 - ITEM ADDED SUCCESFULLY
2022-11-08 14:42:38 INFO  First_Page:494 - ITEM ADDED SUCCESFULLY
2022-11-08 14:42:42 INFO  First_Page:494 - ITEM ADDED SUCCESFULLY
2022-11-08 14:42:45 INFO  First_Page:494 - ITEM ADDED SUCCESFULLY
2022-11-08 14:42:46 INFO  First_Page:546 - CASH PAYMENT METHOD SELECTED
2022-11-08 14:42:49 INFO  First_Page:708 - TOTAL AMOUNT : 2068 LKR
2022-11-08 14:42:49 INFO  First_Page:709 - PAID         : 2399 LKR
2022-11-08 14:42:49 INFO  First_Page:710 - BALANCE      : 331 LKR
2022-11-08 14:42:50 INFO  First_Page:569 - PRINTING BILL>>>
2022-11-08 14:43:20 INFO  First_Page:742 - CLEAR ALL FIELD
2022-11-08 14:43:20 INFO  First_Page:743 - ---------------
2022-11-08 14:44:42 INFO  First_Page:494 - ITEM ADDED SUCCESFULLY
2022-11-08 14:44:45 INFO  First_Page:494 - ITEM ADDED SUCCESFULLY
2022-11-08 14:44:47 INFO  First_Page:494 - ITEM ADDED SUCCESFULLY
2022-11-08 14:44:50 INFO  First_Page:494 - ITEM ADDED SUCCESFULLY
2022-11-08 14:44:53 INFO  First_Page:494 - ITEM ADDED SUCCESFULLY
2022-11-08 14:44:56 INFO  First_Page:494 - ITEM ADDED SUCCESFULLY
2022-11-08 14:44:58 INFO  First_Page:494 - ITEM ADDED SUCCESFULLY
2022-11-08 14:45:01 INFO  First_Page:494 - ITEM ADDED SUCCESFULLY
2022-11-08 14:45:04 INFO  First_Page:494 - ITEM ADDED SUCCESFULLY
2022-11-08 14:45:08 INFO  First_Page:494 - ITEM ADDED SUCCESFULLY
2022-11-08 14:45:09 INFO  First_Page:546 - CASH PAYMENT METHOD SELECTED
2022-11-08 14:45:12 INFO  First_Page:708 - TOTAL AMOUNT : 2068 LKR
2022-11-08 14:45:12 INFO  First_Page:709 - PAID         : 3000 LKR
2022-11-08 14:45:12 INFO  First_Page:710 - BALANCE      : 932 LKR
2022-11-08 14:45:14 INFO  First_Page:569 - PRINTING BILL>>>
2022-11-08 14:46:06 INFO  First_Page:742 - CLEAR ALL FIELD
2022-11-08 14:46:06 INFO  First_Page:743 - ---------------
2022-11-08 14:47:44 INFO  First_Page:494 - ITEM ADDED SUCCESFULLY
2022-11-08 14:47:47 INFO  First_Page:683 - ITEM DELETED SUCCESFULLY
2022-11-08 14:47:50 INFO  First_Page:494 - ITEM ADDED SUCCESFULLY
2022-11-08 14:47:54 INFO  First_Page:494 - ITEM ADDED SUCCESFULLY
2022-11-08 14:47:57 INFO  First_Page:494 - ITEM ADDED SUCCESFULLY
2022-11-08 14:47:59 INFO  First_Page:546 - CASH PAYMENT METHOD SELECTED
2022-11-08 14:48:00 INFO  First_Page:709 - TOTAL AMOUNT : 707 LKR
2022-11-08 14:48:00 INFO  First_Page:710 - PAID         : 1223 LKR
2022-11-08 14:48:00 INFO  First_Page:711 - BALANCE      : 516 LKR
2022-11-08 14:48:01 INFO  First_Page:569 - PRINTING BILL>>>
2022-11-08 14:48:18 INFO  First_Page:743 - CLEAR ALL FIELD
2022-11-08 14:48:18 INFO  First_Page:744 - ---------------
2022-11-08 14:49:07 INFO  First_Page:494 - ITEM ADDED SUCCESFULLY
2022-11-08 14:49:10 INFO  First_Page:494 - ITEM ADDED SUCCESFULLY
2022-11-08 14:49:11 INFO  First_Page:546 - CASH PAYMENT METHOD SELECTED
2022-11-08 14:49:14 INFO  First_Page:709 - TOTAL AMOUNT : 288 LKR
2022-11-08 14:49:14 INFO  First_Page:710 - PAID         : 377 LKR
2022-11-08 14:49:14 INFO  First_Page:711 - BALANCE      : 89 LKR
2022-11-08 14:49:15 INFO  First_Page:569 - PRINTING BILL>>>
2022-11-08 14:49:55 INFO  First_Page:743 - CLEAR ALL FIELD
2022-11-08 14:49:55 INFO  First_Page:744 - ---------------
2022-11-08 14:54:23 INFO  First_Page:494 - ITEM ADDED SUCCESFULLY
2022-11-08 14:54:44 INFO  First_Page:494 - ITEM ADDED SUCCESFULLY
2022-11-08 14:54:54 INFO  First_Page:683 - ITEM DELETED SUCCESFULLY
2022-11-08 14:56:45 INFO  First_Page:743 - CLEAR ALL FIELD
2022-11-08 14:56:45 INFO  First_Page:744 - ---------------
2022-11-08 14:59:19 INFO  First_Page:494 - ITEM ADDED SUCCESFULLY
2022-11-08 14:59:26 INFO  First_Page:546 - CASH PAYMENT METHOD SELECTED
2022-11-08 14:59:28 INFO  First_Page:709 - TOTAL AMOUNT : 1250 LKR
2022-11-08 14:59:28 INFO  First_Page:710 - PAID         : 3000 LKR
2022-11-08 14:59:28 INFO  First_Page:711 - BALANCE      : 1750 LKR
2022-11-08 14:59:29 INFO  First_Page:569 - PRINTING BILL>>>
2022-11-08 14:59:53 INFO  First_Page:743 - CLEAR ALL FIELD
2022-11-08 14:59:53 INFO  First_Page:744 - ---------------
2022-11-08 15:25:33 INFO  First_Page:494 - ITEM ADDED SUCCESFULLY
2022-11-08 15:25:43 INFO  First_Page:546 - CASH PAYMENT METHOD SELECTED
2022-11-08 15:25:49 INFO  First_Page:709 - TOTAL AMOUNT : 3750 LKR
2022-11-08 15:25:49 INFO  First_Page:710 - PAID         : 4000 LKR
2022-11-08 15:25:49 INFO  First_Page:711 - BALANCE      : 250 LKR
2022-11-08 15:25:52 INFO  First_Page:569 - PRINTING BILL>>>
2022-11-08 15:28:19 INFO  First_Page:494 - ITEM ADDED SUCCESFULLY
2022-11-08 15:28:22 INFO  First_Page:529 - CREDIT CARD PAYMENT METHOD SELECTED
2022-11-08 15:28:24 INFO  First_Page:709 - TOTAL AMOUNT : 4850 LKR
2022-11-08 15:28:24 INFO  First_Page:710 - PAID         : 4000 LKR
2022-11-08 15:28:24 INFO  First_Page:711 - BALANCE      : -850 LKR
2022-11-08 15:28:24 WARN  First_Page:715 - INSUFFISANT MONEY
2022-11-08 15:28:26 INFO  First_Page:731 - PAY AGAIN WITH OTHER METHOD
2022-11-08 15:28:29 INFO  First_Page:785 - 2nd PAY AMOUNT: 5000 LKR
2022-11-08 15:28:29 INFO  First_Page:798 - NEW BALANCE   : 4150 LKR
2022-11-08 15:28:30 INFO  First_Page:569 - PRINTING BILL>>>
2022-11-08 15:28:45 INFO  First_Page:743 - CLEAR ALL FIELD
2022-11-08 15:28:45 INFO  First_Page:744 - ---------------
2022-11-08 15:31:18 INFO  First_Page:743 - CLEAR ALL FIELD
2022-11-08 15:31:18 INFO  First_Page:744 - ---------------
2022-11-08 15:41:36 INFO  First_Page:494 - ITEM ADDED SUCCESFULLY
2022-11-08 15:41:56 INFO  First_Page:494 - ITEM ADDED SUCCESFULLY
2022-11-08 15:42:06 INFO  First_Page:683 - ITEM DELETED SUCCESFULLY
2022-11-08 15:42:19 INFO  First_Page:546 - CASH PAYMENT METHOD SELECTED
2022-11-08 15:42:39 INFO  First_Page:709 - TOTAL AMOUNT : 285 LKR
2022-11-08 15:42:39 INFO  First_Page:710 - PAID         : 300 LKR
2022-11-08 15:42:39 INFO  First_Page:711 - BALANCE      : 15 LKR
2022-11-08 15:42:57 INFO  First_Page:569 - PRINTING BILL>>>
2022-11-08 15:43:06 INFO  First_Page:743 - CLEAR ALL FIELD
2022-11-08 15:43:06 INFO  First_Page:744 - ---------------
2022-11-08 15:43:10 INFO  First_Page:494 - ITEM ADDED SUCCESFULLY
2022-11-08 15:43:11 INFO  First_Page:529 - CREDIT CARD PAYMENT METHOD SELECTED
2022-11-08 15:43:15 INFO  First_Page:709 - TOTAL AMOUNT : 285 LKR
2022-11-08 15:43:15 INFO  First_Page:710 - PAID         : 300 LKR
2022-11-08 15:43:15 INFO  First_Page:711 - BALANCE      : 15 LKR
2022-11-08 15:43:20 INFO  First_Page:569 - PRINTING BILL>>>
2022-11-08 15:43:27 INFO  First_Page:743 - CLEAR ALL FIELD
2022-11-08 15:43:27 INFO  First_Page:744 - ---------------
2022-11-08 15:43:30 INFO  First_Page:494 - ITEM ADDED SUCCESFULLY
2022-11-08 15:43:33 INFO  First_Page:494 - ITEM ADDED SUCCESFULLY
2022-11-08 15:43:39 INFO  First_Page:494 - ITEM ADDED SUCCESFULLY
2022-11-08 15:43:49 INFO  First_Page:546 - CASH PAYMENT METHOD SELECTED
2022-11-08 15:43:53 INFO  First_Page:709 - TOTAL AMOUNT : 853 LKR
2022-11-08 15:43:53 INFO  First_Page:710 - PAID         : 500 LKR
2022-11-08 15:43:53 INFO  First_Page:711 - BALANCE      : -353 LKR
2022-11-08 15:43:53 WARN  First_Page:715 - INSUFFISANT MONEY
2022-11-08 15:44:13 INFO  First_Page:731 - PAY AGAIN WITH OTHER METHOD
2022-11-08 15:44:18 INFO  First_Page:894 - 2nd PAY AMOUNT: 353 LKR
2022-11-08 15:44:18 INFO  First_Page:907 - NEW BALANCE   : 0 LKR
2022-11-08 15:44:20 INFO  First_Page:785 - 2nd PAY AMOUNT: 353 LKR
2022-11-08 15:44:20 INFO  First_Page:798 - NEW BALANCE   : 0 LKR
2022-11-08 15:44:31 INFO  First_Page:569 - PRINTING BILL>>>
2022-11-08 15:44:49 INFO  First_Page:743 - CLEAR ALL FIELD
2022-11-08 15:44:49 INFO  First_Page:744 - ---------------
2022-11-08 15:45:28 INFO  First_Page:494 - ITEM ADDED SUCCESFULLY
2022-11-08 15:45:36 INFO  First_Page:529 - CREDIT CARD PAYMENT METHOD SELECTED
2022-11-08 15:45:39 INFO  First_Page:709 - TOTAL AMOUNT : 95 LKR
2022-11-08 15:45:39 INFO  First_Page:710 - PAID         : 12 LKR
2022-11-08 15:45:39 INFO  First_Page:711 - BALANCE      : -83 LKR
2022-11-08 15:45:39 WARN  First_Page:715 - INSUFFISANT MONEY
2022-11-08 15:45:40 INFO  First_Page:731 - PAY AGAIN WITH OTHER METHOD
2022-11-08 15:45:42 INFO  First_Page:785 - 2nd PAY AMOUNT: 23 LKR
2022-11-08 15:45:42 ERROR First_Page:793 - NEW BALANCE   : -60 LKR
2022-11-08 15:45:42 FATAL First_Page:794 - INSUFFIECENT MONEY   : -60 LKR
2022-11-08 15:46:06 INFO  First_Page:743 - CLEAR ALL FIELD
2022-11-08 15:46:06 INFO  First_Page:744 - ---------------
2022-11-08 15:46:29 INFO  First_Page:743 - CLEAR ALL FIELD
2022-11-08 15:46:29 INFO  First_Page:744 - ---------------
2022-11-08 15:46:30 INFO  First_Page:494 - ITEM ADDED SUCCESFULLY
2022-11-08 15:46:35 INFO  First_Page:683 - ITEM DELETED SUCCESFULLY
2022-11-08 15:46:42 INFO  First_Page:494 - ITEM ADDED SUCCESFULLY
2022-11-08 15:46:56 INFO  First_Page:683 - ITEM DELETED SUCCESFULLY
2022-11-08 15:47:36 INFO  First_Page:743 - CLEAR ALL FIELD
2022-11-08 15:47:36 INFO  First_Page:744 - ---------------
2022-11-08 16:38:13 INFO  First_Page:494 - ITEM ADDED SUCCESFULLY
2022-11-08 16:38:16 INFO  First_Page:546 - CASH PAYMENT METHOD SELECTED
2022-11-08 16:38:19 INFO  First_Page:864 - TOTAL AMOUNT : 98 LKR
2022-11-08 16:38:19 INFO  First_Page:865 - PAID         : 100 LKR
2022-11-08 16:38:19 INFO  First_Page:866 - BALANCE      : 2 LKR
2022-11-08 16:38:20 INFO  First_Page:569 - PRINTING BILL>>>
2022-11-08 16:38:22 INFO  First_Page:743 - CLEAR ALL FIELD
2022-11-08 16:38:22 INFO  First_Page:744 - ---------------
2022-11-08 17:07:24 INFO  First_Page:494 - ITEM ADDED SUCCESFULLY
2022-11-08 17:08:03 INFO  First_Page:494 - ITEM ADDED SUCCESFULLY
2022-11-08 17:08:12 INFO  First_Page:683 - ITEM DELETED SUCCESFULLY
2022-11-08 17:08:19 INFO  First_Page:494 - ITEM ADDED SUCCESFULLY
2022-11-08 17:08:33 INFO  First_Page:683 - ITEM DELETED SUCCESFULLY
2022-11-08 17:09:04 INFO  First_Page:546 - CASH PAYMENT METHOD SELECTED
2022-11-08 17:09:11 INFO  First_Page:709 - TOTAL AMOUNT : 300 LKR
2022-11-08 17:09:11 INFO  First_Page:710 - PAID         : 300 LKR
2022-11-08 17:09:11 INFO  First_Page:711 - BALANCE      : 0 LKR
2022-11-08 17:09:18 INFO  First_Page:569 - PRINTING BILL>>>
2022-11-08 17:09:36 INFO  First_Page:743 - CLEAR ALL FIELD
2022-11-08 17:09:36 INFO  First_Page:744 - ---------------
2022-11-08 17:09:55 INFO  First_Page:494 - ITEM ADDED SUCCESFULLY
2022-11-08 17:09:59 INFO  First_Page:494 - ITEM ADDED SUCCESFULLY
2022-11-08 17:10:02 INFO  First_Page:546 - CASH PAYMENT METHOD SELECTED
2022-11-08 17:10:08 INFO  First_Page:709 - TOTAL AMOUNT : 579 LKR
2022-11-08 17:10:08 INFO  First_Page:710 - PAID         : 500 LKR
2022-11-08 17:10:08 INFO  First_Page:711 - BALANCE      : -79 LKR
2022-11-08 17:10:08 WARN  First_Page:715 - INSUFFISANT MONEY
2022-11-08 17:10:21 INFO  First_Page:731 - PAY AGAIN WITH OTHER METHOD
2022-11-08 17:10:25 INFO  First_Page:785 - 2nd PAY AMOUNT: 79 LKR
2022-11-08 17:10:25 INFO  First_Page:798 - NEW BALANCE   : 0 LKR
2022-11-08 17:10:33 INFO  First_Page:569 - PRINTING BILL>>>
2022-11-08 17:10:49 INFO  First_Page:743 - CLEAR ALL FIELD
2022-11-08 17:10:49 INFO  First_Page:744 - ---------------
2022-11-08 17:23:22 INFO  First_Page:494 - ITEM ADDED SUCCESFULLY
2022-11-08 17:23:26 INFO  First_Page:494 - ITEM ADDED SUCCESFULLY
2022-11-08 17:23:29 INFO  First_Page:494 - ITEM ADDED SUCCESFULLY
2022-11-08 17:24:44 INFO  First_Page:683 - ITEM DELETED SUCCESFULLY
2022-11-08 17:24:50 INFO  First_Page:494 - ITEM ADDED SUCCESFULLY
2022-11-08 17:34:58 INFO  First_Page:546 - CASH PAYMENT METHOD SELECTED
2022-11-08 17:35:03 INFO  First_Page:709 - TOTAL AMOUNT : 639 LKR
2022-11-08 17:35:03 INFO  First_Page:710 - PAID         : 700 LKR
2022-11-08 17:35:03 INFO  First_Page:711 - BALANCE      : 61 LKR
2022-11-11 18:19:20 INFO  First_Page:665 - com.mysql.cj.jdbc.exceptions.CommunicationsException: Communications link failure

The last packet sent successfully to the server was 0 milliseconds ago. The driver has not received any packets from the server.
2022-11-11 18:20:00 INFO  First_Page:495 - ITEM ADDED SUCCESFULLY
2022-11-11 18:20:05 INFO  First_Page:495 - ITEM ADDED SUCCESFULLY
2022-11-11 18:20:11 INFO  First_Page:495 - ITEM ADDED SUCCESFULLY
2022-11-11 18:20:16 INFO  First_Page:547 - CASH PAYMENT METHOD SELECTED
2022-11-11 18:20:19 INFO  First_Page:710 - TOTAL AMOUNT : 1278 LKR
2022-11-11 18:20:19 INFO  First_Page:711 - PAID         : 1234 LKR
2022-11-11 18:20:19 INFO  First_Page:712 - BALANCE      : -44 LKR
2022-11-11 18:20:19 WARN  First_Page:716 - INSUFFISANT MONEY
2022-11-11 18:20:21 INFO  First_Page:732 - PAY AGAIN WITH OTHER METHOD
2022-11-11 18:20:22 INFO  First_Page:786 - 2nd PAY AMOUNT: 121 LKR
2022-11-11 18:20:22 INFO  First_Page:799 - NEW BALANCE   : 77 LKR
2022-11-11 18:20:23 INFO  First_Page:570 - PRINTING BILL>>>
